<?xml version="1.0" encoding="UTF-8"?>
<testsuite xmlns:xsi="http://www.w3.org/2001/XMLSchema-instance" xsi:noNamespaceSchemaLocation="https://maven.apache.org/surefire/maven-surefire-plugin/xsd/surefire-test-report-3.0.xsd" version="3.0" name="com.example.TaskTwoTests" time="0.197" tests="4" errors="0" skipped="0" failures="0">
  <properties>
    <property name="java.specification.version" value="17"/>
    <property name="sun.cpu.isalist" value="amd64"/>
    <property name="sun.jnu.encoding" value="Cp1252"/>
    <property name="java.class.path" value="C:\Users\loq\Desktop\JP Morgan\target\test-classes;C:\Users\loq\Desktop\JP Morgan\target\classes;C:\Users\loq\.m2\repository\org\springframework\boot\spring-boot-starter-web\3.2.5\spring-boot-starter-web-3.2.5.jar;C:\Users\loq\.m2\repository\org\springframework\boot\spring-boot-starter\3.2.5\spring-boot-starter-3.2.5.jar;C:\Users\loq\.m2\repository\org\springframework\boot\spring-boot\3.2.5\spring-boot-3.2.5.jar;C:\Users\loq\.m2\repository\org\springframework\boot\spring-boot-autoconfigure\3.2.5\spring-boot-autoconfigure-3.2.5.jar;C:\Users\loq\.m2\repository\org\springframework\boot\spring-boot-starter-logging\3.2.5\spring-boot-starter-logging-3.2.5.jar;C:\Users\loq\.m2\repository\org\apache\logging\log4j\log4j-to-slf4j\2.21.1\log4j-to-slf4j-2.21.1.jar;C:\Users\loq\.m2\repository\org\apache\logging\log4j\log4j-api\2.21.1\log4j-api-2.21.1.jar;C:\Users\loq\.m2\repository\org\slf4j\jul-to-slf4j\2.0.13\jul-to-slf4j-2.0.13.jar;C:\Users\loq\.m2\repository\jakarta\annotation\jakarta.annotation-api\2.1.1\jakarta.annotation-api-2.1.1.jar;C:\Users\loq\.m2\repository\org\yaml\snakeyaml\2.2\snakeyaml-2.2.jar;C:\Users\loq\.m2\repository\org\springframework\boot\spring-boot-starter-json\3.2.5\spring-boot-starter-json-3.2.5.jar;C:\Users\loq\.m2\repository\com\fasterxml\jackson\datatype\jackson-datatype-jdk8\2.15.4\jackson-datatype-jdk8-2.15.4.jar;C:\Users\loq\.m2\repository\com\fasterxml\jackson\module\jackson-module-parameter-names\2.15.4\jackson-module-parameter-names-2.15.4.jar;C:\Users\loq\.m2\repository\org\springframework\boot\spring-boot-starter-tomcat\3.2.5\spring-boot-starter-tomcat-3.2.5.jar;C:\Users\loq\.m2\repository\org\apache\tomcat\embed\tomcat-embed-core\10.1.20\tomcat-embed-core-10.1.20.jar;C:\Users\loq\.m2\repository\org\apache\tomcat\embed\tomcat-embed-el\10.1.20\tomcat-embed-el-10.1.20.jar;C:\Users\loq\.m2\repository\org\apache\tomcat\embed\tomcat-embed-websocket\10.1.20\tomcat-embed-websocket-10.1.20.jar;C:\Users\loq\.m2\repository\org\springframework\spring-web\6.1.6\spring-web-6.1.6.jar;C:\Users\loq\.m2\repository\org\springframework\spring-beans\6.1.6\spring-beans-6.1.6.jar;C:\Users\loq\.m2\repository\org\springframework\spring-webmvc\6.1.6\spring-webmvc-6.1.6.jar;C:\Users\loq\.m2\repository\org\springframework\spring-aop\6.1.6\spring-aop-6.1.6.jar;C:\Users\loq\.m2\repository\org\springframework\spring-expression\6.1.6\spring-expression-6.1.6.jar;C:\Users\loq\.m2\repository\org\springframework\boot\spring-boot-starter-data-jpa\3.2.5\spring-boot-starter-data-jpa-3.2.5.jar;C:\Users\loq\.m2\repository\org\springframework\boot\spring-boot-starter-aop\3.2.5\spring-boot-starter-aop-3.2.5.jar;C:\Users\loq\.m2\repository\org\aspectj\aspectjweaver\1.9.22\aspectjweaver-1.9.22.jar;C:\Users\loq\.m2\repository\org\springframework\boot\spring-boot-starter-jdbc\3.2.5\spring-boot-starter-jdbc-3.2.5.jar;C:\Users\loq\.m2\repository\com\zaxxer\HikariCP\5.0.1\HikariCP-5.0.1.jar;C:\Users\loq\.m2\repository\org\springframework\spring-jdbc\6.1.6\spring-jdbc-6.1.6.jar;C:\Users\loq\.m2\repository\org\hibernate\orm\hibernate-core\6.4.4.Final\hibernate-core-6.4.4.Final.jar;C:\Users\loq\.m2\repository\jakarta\persistence\jakarta.persistence-api\3.1.0\jakarta.persistence-api-3.1.0.jar;C:\Users\loq\.m2\repository\jakarta\transaction\jakarta.transaction-api\2.0.1\jakarta.transaction-api-2.0.1.jar;C:\Users\loq\.m2\repository\org\jboss\logging\jboss-logging\3.5.3.Final\jboss-logging-3.5.3.Final.jar;C:\Users\loq\.m2\repository\org\hibernate\common\hibernate-commons-annotations\6.0.6.Final\hibernate-commons-annotations-6.0.6.Final.jar;C:\Users\loq\.m2\repository\io\smallrye\jandex\3.1.2\jandex-3.1.2.jar;C:\Users\loq\.m2\repository\com\fasterxml\classmate\1.6.0\classmate-1.6.0.jar;C:\Users\loq\.m2\repository\net\bytebuddy\byte-buddy\1.14.13\byte-buddy-1.14.13.jar;C:\Users\loq\.m2\repository\org\glassfish\jaxb\jaxb-runtime\4.0.5\jaxb-runtime-4.0.5.jar;C:\Users\loq\.m2\repository\org\glassfish\jaxb\jaxb-core\4.0.5\jaxb-core-4.0.5.jar;C:\Users\loq\.m2\repository\org\eclipse\angus\angus-activation\2.0.2\angus-activation-2.0.2.jar;C:\Users\loq\.m2\repository\org\glassfish\jaxb\txw2\4.0.5\txw2-4.0.5.jar;C:\Users\loq\.m2\repository\com\sun\istack\istack-commons-runtime\4.1.2\istack-commons-runtime-4.1.2.jar;C:\Users\loq\.m2\repository\jakarta\inject\jakarta.inject-api\2.0.1\jakarta.inject-api-2.0.1.jar;C:\Users\loq\.m2\repository\org\antlr\antlr4-runtime\4.13.0\antlr4-runtime-4.13.0.jar;C:\Users\loq\.m2\repository\org\springframework\data\spring-data-jpa\3.2.5\spring-data-jpa-3.2.5.jar;C:\Users\loq\.m2\repository\org\springframework\data\spring-data-commons\3.2.5\spring-data-commons-3.2.5.jar;C:\Users\loq\.m2\repository\org\springframework\spring-orm\6.1.6\spring-orm-6.1.6.jar;C:\Users\loq\.m2\repository\org\slf4j\slf4j-api\2.0.13\slf4j-api-2.0.13.jar;C:\Users\loq\.m2\repository\org\springframework\spring-aspects\6.1.6\spring-aspects-6.1.6.jar;C:\Users\loq\.m2\repository\com\h2database\h2\2.2.224\h2-2.2.224.jar;C:\Users\loq\.m2\repository\org\springframework\kafka\spring-kafka\3.1.4\spring-kafka-3.1.4.jar;C:\Users\loq\.m2\repository\org\springframework\spring-context\6.1.6\spring-context-6.1.6.jar;C:\Users\loq\.m2\repository\org\springframework\spring-messaging\6.1.6\spring-messaging-6.1.6.jar;C:\Users\loq\.m2\repository\org\springframework\spring-tx\6.1.6\spring-tx-6.1.6.jar;C:\Users\loq\.m2\repository\org\springframework\retry\spring-retry\2.0.5\spring-retry-2.0.5.jar;C:\Users\loq\.m2\repository\org\apache\kafka\kafka-clients\3.6.2\kafka-clients-3.6.2.jar;C:\Users\loq\.m2\repository\com\github\luben\zstd-jni\1.5.5-1\zstd-jni-1.5.5-1.jar;C:\Users\loq\.m2\repository\org\lz4\lz4-java\1.8.0\lz4-java-1.8.0.jar;C:\Users\loq\.m2\repository\org\xerial\snappy\snappy-java\1.1.10.5\snappy-java-1.1.10.5.jar;C:\Users\loq\.m2\repository\io\micrometer\micrometer-observation\1.12.5\micrometer-observation-1.12.5.jar;C:\Users\loq\.m2\repository\io\micrometer\micrometer-commons\1.12.5\micrometer-commons-1.12.5.jar;C:\Users\loq\.m2\repository\com\google\code\findbugs\jsr305\3.0.2\jsr305-3.0.2.jar;C:\Users\loq\.m2\repository\com\fasterxml\jackson\core\jackson-databind\2.15.4\jackson-databind-2.15.4.jar;C:\Users\loq\.m2\repository\com\fasterxml\jackson\core\jackson-core\2.15.4\jackson-core-2.15.4.jar;C:\Users\loq\.m2\repository\com\fasterxml\jackson\core\jackson-annotations\2.15.4\jackson-annotations-2.15.4.jar;C:\Users\loq\.m2\repository\com\fasterxml\jackson\datatype\jackson-datatype-jsr310\2.15.4\jackson-datatype-jsr310-2.15.4.jar;C:\Users\loq\.m2\repository\org\springframework\boot\spring-boot-starter-test\3.2.5\spring-boot-starter-test-3.2.5.jar;C:\Users\loq\.m2\repository\org\springframework\boot\spring-boot-test\3.2.5\spring-boot-test-3.2.5.jar;C:\Users\loq\.m2\repository\org\springframework\boot\spring-boot-test-autoconfigure\3.2.5\spring-boot-test-autoconfigure-3.2.5.jar;C:\Users\loq\.m2\repository\com\jayway\jsonpath\json-path\2.9.0\json-path-2.9.0.jar;C:\Users\loq\.m2\repository\jakarta\xml\bind\jakarta.xml.bind-api\4.0.2\jakarta.xml.bind-api-4.0.2.jar;C:\Users\loq\.m2\repository\jakarta\activation\jakarta.activation-api\2.1.3\jakarta.activation-api-2.1.3.jar;C:\Users\loq\.m2\repository\net\minidev\json-smart\2.5.1\json-smart-2.5.1.jar;C:\Users\loq\.m2\repository\net\minidev\accessors-smart\2.5.1\accessors-smart-2.5.1.jar;C:\Users\loq\.m2\repository\org\ow2\asm\asm\9.6\asm-9.6.jar;C:\Users\loq\.m2\repository\org\assertj\assertj-core\3.24.2\assertj-core-3.24.2.jar;C:\Users\loq\.m2\repository\org\awaitility\awaitility\4.2.1\awaitility-4.2.1.jar;C:\Users\loq\.m2\repository\org\hamcrest\hamcrest\2.2\hamcrest-2.2.jar;C:\Users\loq\.m2\repository\org\junit\jupiter\junit-jupiter\5.10.2\junit-jupiter-5.10.2.jar;C:\Users\loq\.m2\repository\org\junit\jupiter\junit-jupiter-params\5.10.2\junit-jupiter-params-5.10.2.jar;C:\Users\loq\.m2\repository\org\junit\jupiter\junit-jupiter-engine\5.10.2\junit-jupiter-engine-5.10.2.jar;C:\Users\loq\.m2\repository\org\mockito\mockito-core\5.7.0\mockito-core-5.7.0.jar;C:\Users\loq\.m2\repository\net\bytebuddy\byte-buddy-agent\1.14.13\byte-buddy-agent-1.14.13.jar;C:\Users\loq\.m2\repository\org\objenesis\objenesis\3.3\objenesis-3.3.jar;C:\Users\loq\.m2\repository\org\mockito\mockito-junit-jupiter\5.7.0\mockito-junit-jupiter-5.7.0.jar;C:\Users\loq\.m2\repository\org\skyscreamer\jsonassert\1.5.1\jsonassert-1.5.1.jar;C:\Users\loq\.m2\repository\com\vaadin\external\google\android-json\0.0.20131108.vaadin1\android-json-0.0.20131108.vaadin1.jar;C:\Users\loq\.m2\repository\org\springframework\spring-core\6.1.6\spring-core-6.1.6.jar;C:\Users\loq\.m2\repository\org\springframework\spring-jcl\6.1.6\spring-jcl-6.1.6.jar;C:\Users\loq\.m2\repository\org\springframework\spring-test\6.1.6\spring-test-6.1.6.jar;C:\Users\loq\.m2\repository\org\xmlunit\xmlunit-core\2.9.1\xmlunit-core-2.9.1.jar;C:\Users\loq\.m2\repository\org\springframework\kafka\spring-kafka-test\3.1.4\spring-kafka-test-3.1.4.jar;C:\Users\loq\.m2\repository\org\apache\zookeeper\zookeeper\3.8.4\zookeeper-3.8.4.jar;C:\Users\loq\.m2\repository\org\apache\zookeeper\zookeeper-jute\3.8.4\zookeeper-jute-3.8.4.jar;C:\Users\loq\.m2\repository\org\apache\yetus\audience-annotations\0.12.0\audience-annotations-0.12.0.jar;C:\Users\loq\.m2\repository\io\netty\netty-handler\4.1.109.Final\netty-handler-4.1.109.Final.jar;C:\Users\loq\.m2\repository\io\netty\netty-common\4.1.109.Final\netty-common-4.1.109.Final.jar;C:\Users\loq\.m2\repository\io\netty\netty-resolver\4.1.109.Final\netty-resolver-4.1.109.Final.jar;C:\Users\loq\.m2\repository\io\netty\netty-buffer\4.1.109.Final\netty-buffer-4.1.109.Final.jar;C:\Users\loq\.m2\repository\io\netty\netty-transport\4.1.109.Final\netty-transport-4.1.109.Final.jar;C:\Users\loq\.m2\repository\io\netty\netty-transport-native-unix-common\4.1.109.Final\netty-transport-native-unix-common-4.1.109.Final.jar;C:\Users\loq\.m2\repository\io\netty\netty-codec\4.1.109.Final\netty-codec-4.1.109.Final.jar;C:\Users\loq\.m2\repository\io\netty\netty-transport-native-epoll\4.1.109.Final\netty-transport-native-epoll-4.1.109.Final.jar;C:\Users\loq\.m2\repository\io\netty\netty-transport-classes-epoll\4.1.109.Final\netty-transport-classes-epoll-4.1.109.Final.jar;C:\Users\loq\.m2\repository\ch\qos\logback\logback-core\1.4.14\logback-core-1.4.14.jar;C:\Users\loq\.m2\repository\ch\qos\logback\logback-classic\1.4.14\logback-classic-1.4.14.jar;C:\Users\loq\.m2\repository\commons-io\commons-io\2.11.0\commons-io-2.11.0.jar;C:\Users\loq\.m2\repository\org\apache\kafka\kafka-clients\3.6.2\kafka-clients-3.6.2-test.jar;C:\Users\loq\.m2\repository\org\apache\kafka\kafka-metadata\3.6.2\kafka-metadata-3.6.2.jar;C:\Users\loq\.m2\repository\org\apache\kafka\kafka-raft\3.6.2\kafka-raft-3.6.2.jar;C:\Users\loq\.m2\repository\com\yammer\metrics\metrics-core\2.2.0\metrics-core-2.2.0.jar;C:\Users\loq\.m2\repository\org\apache\kafka\kafka-server-common\3.6.2\kafka-server-common-3.6.2.jar;C:\Users\loq\.m2\repository\net\sf\jopt-simple\jopt-simple\5.0.4\jopt-simple-5.0.4.jar;C:\Users\loq\.m2\repository\org\pcollections\pcollections\4.0.1\pcollections-4.0.1.jar;C:\Users\loq\.m2\repository\org\apache\kafka\kafka-server-common\3.6.2\kafka-server-common-3.6.2-test.jar;C:\Users\loq\.m2\repository\org\apache\kafka\kafka-streams-test-utils\3.6.2\kafka-streams-test-utils-3.6.2.jar;C:\Users\loq\.m2\repository\org\apache\kafka\kafka-streams\3.6.2\kafka-streams-3.6.2.jar;C:\Users\loq\.m2\repository\org\rocksdb\rocksdbjni\7.9.2\rocksdbjni-7.9.2.jar;C:\Users\loq\.m2\repository\org\apache\kafka\kafka_2.13\3.6.2\kafka_2.13-3.6.2.jar;C:\Users\loq\.m2\repository\org\scala-lang\scala-library\2.13.11\scala-library-2.13.11.jar;C:\Users\loq\.m2\repository\org\apache\kafka\kafka-group-coordinator\3.6.2\kafka-group-coordinator-3.6.2.jar;C:\Users\loq\.m2\repository\org\apache\kafka\kafka-storage-api\3.6.2\kafka-storage-api-3.6.2.jar;C:\Users\loq\.m2\repository\org\apache\kafka\kafka-tools-api\3.6.2\kafka-tools-api-3.6.2.jar;C:\Users\loq\.m2\repository\org\apache\kafka\kafka-storage\3.6.2\kafka-storage-3.6.2.jar;C:\Users\loq\.m2\repository\com\github\ben-manes\caffeine\caffeine\3.1.8\caffeine-3.1.8.jar;C:\Users\loq\.m2\repository\org\checkerframework\checker-qual\3.37.0\checker-qual-3.37.0.jar;C:\Users\loq\.m2\repository\com\google\errorprone\error_prone_annotations\2.21.1\error_prone_annotations-2.21.1.jar;C:\Users\loq\.m2\repository\net\sourceforge\argparse4j\argparse4j\0.7.0\argparse4j-0.7.0.jar;C:\Users\loq\.m2\repository\commons-validator\commons-validator\1.7\commons-validator-1.7.jar;C:\Users\loq\.m2\repository\commons-beanutils\commons-beanutils\1.9.4\commons-beanutils-1.9.4.jar;C:\Users\loq\.m2\repository\commons-digester\commons-digester\2.1\commons-digester-2.1.jar;C:\Users\loq\.m2\repository\commons-collections\commons-collections\3.2.2\commons-collections-3.2.2.jar;C:\Users\loq\.m2\repository\com\fasterxml\jackson\module\jackson-module-scala_2.13\2.15.4\jackson-module-scala_2.13-2.15.4.jar;C:\Users\loq\.m2\repository\com\thoughtworks\paranamer\paranamer\2.8\paranamer-2.8.jar;C:\Users\loq\.m2\repository\com\fasterxml\jackson\dataformat\jackson-dataformat-csv\2.15.4\jackson-dataformat-csv-2.15.4.jar;C:\Users\loq\.m2\repository\org\bitbucket\b_c\jose4j\0.9.4\jose4j-0.9.4.jar;C:\Users\loq\.m2\repository\org\scala-lang\modules\scala-collection-compat_2.13\2.10.0\scala-collection-compat_2.13-2.10.0.jar;C:\Users\loq\.m2\repository\org\scala-lang\modules\scala-java8-compat_2.13\1.0.2\scala-java8-compat_2.13-1.0.2.jar;C:\Users\loq\.m2\repository\org\scala-lang\scala-reflect\2.13.11\scala-reflect-2.13.11.jar;C:\Users\loq\.m2\repository\com\typesafe\scala-logging\scala-logging_2.13\3.9.4\scala-logging_2.13-3.9.4.jar;C:\Users\loq\.m2\repository\io\dropwizard\metrics\metrics-core\4.2.25\metrics-core-4.2.25.jar;C:\Users\loq\.m2\repository\commons-cli\commons-cli\1.4\commons-cli-1.4.jar;C:\Users\loq\.m2\repository\org\apache\kafka\kafka_2.13\3.6.2\kafka_2.13-3.6.2-test.jar;C:\Users\loq\.m2\repository\org\junit\jupiter\junit-jupiter-api\5.10.2\junit-jupiter-api-5.10.2.jar;C:\Users\loq\.m2\repository\org\opentest4j\opentest4j\1.3.0\opentest4j-1.3.0.jar;C:\Users\loq\.m2\repository\org\junit\platform\junit-platform-commons\1.10.2\junit-platform-commons-1.10.2.jar;C:\Users\loq\.m2\repository\org\apiguardian\apiguardian-api\1.1.2\apiguardian-api-1.1.2.jar;C:\Users\loq\.m2\repository\org\junit\platform\junit-platform-launcher\1.10.2\junit-platform-launcher-1.10.2.jar;C:\Users\loq\.m2\repository\org\junit\platform\junit-platform-engine\1.10.2\junit-platform-engine-1.10.2.jar;C:\Users\loq\.m2\repository\org\testcontainers\kafka\1.19.1\kafka-1.19.1.jar;C:\Users\loq\.m2\repository\org\testcontainers\testcontainers\1.19.7\testcontainers-1.19.7.jar;C:\Users\loq\.m2\repository\junit\junit\4.13.2\junit-4.13.2.jar;C:\Users\loq\.m2\repository\org\hamcrest\hamcrest-core\2.2\hamcrest-core-2.2.jar;C:\Users\loq\.m2\repository\org\apache\commons\commons-compress\1.24.0\commons-compress-1.24.0.jar;C:\Users\loq\.m2\repository\org\rnorth\duct-tape\duct-tape\1.0.8\duct-tape-1.0.8.jar;C:\Users\loq\.m2\repository\org\jetbrains\annotations\17.0.0\annotations-17.0.0.jar;C:\Users\loq\.m2\repository\com\github\docker-java\docker-java-api\3.3.6\docker-java-api-3.3.6.jar;C:\Users\loq\.m2\repository\com\github\docker-java\docker-java-transport-zerodep\3.3.6\docker-java-transport-zerodep-3.3.6.jar;C:\Users\loq\.m2\repository\com\github\docker-java\docker-java-transport\3.3.6\docker-java-transport-3.3.6.jar;C:\Users\loq\.m2\repository\net\java\dev\jna\jna\5.13.0\jna-5.13.0.jar;C:\Users\loq\.m2\repository\org\testcontainers\junit-jupiter\1.19.1\junit-jupiter-1.19.1.jar;"/>
    <property name="java.vm.vendor" value="Microsoft"/>
    <property name="sun.arch.data.model" value="64"/>
    <property name="user.variant" value=""/>
    <property name="java.vendor.url" value="https://www.microsoft.com"/>
    <property name="user.timezone" value="Asia/Katmandu"/>
    <property name="os.name" value="Windows 11"/>
    <property name="java.vm.specification.version" value="17"/>
    <property name="sun.java.launcher" value="SUN_STANDARD"/>
    <property name="user.country" value="US"/>
    <property name="sun.boot.library.path" value="C:\Program Files\Microsoft\jdk-17.0.16.8-hotspot\bin"/>
    <property name="sun.java.command" value="C:\Users\loq\AppData\Local\Temp\surefire12521623326785970910\surefirebooter-20251001113647901_3.jar C:\Users\loq\AppData\Local\Temp\surefire12521623326785970910 2025-10-01T11-36-47_727-jvmRun1 surefire-20251001113647901_1tmp surefire_0-20251001113647901_2tmp"/>
    <property name="jdk.debug" value="release"/>
    <property name="surefire.test.class.path" value="C:\Users\loq\Desktop\JP Morgan\target\test-classes;C:\Users\loq\Desktop\JP Morgan\target\classes;C:\Users\loq\.m2\repository\org\springframework\boot\spring-boot-starter-web\3.2.5\spring-boot-starter-web-3.2.5.jar;C:\Users\loq\.m2\repository\org\springframework\boot\spring-boot-starter\3.2.5\spring-boot-starter-3.2.5.jar;C:\Users\loq\.m2\repository\org\springframework\boot\spring-boot\3.2.5\spring-boot-3.2.5.jar;C:\Users\loq\.m2\repository\org\springframework\boot\spring-boot-autoconfigure\3.2.5\spring-boot-autoconfigure-3.2.5.jar;C:\Users\loq\.m2\repository\org\springframework\boot\spring-boot-starter-logging\3.2.5\spring-boot-starter-logging-3.2.5.jar;C:\Users\loq\.m2\repository\org\apache\logging\log4j\log4j-to-slf4j\2.21.1\log4j-to-slf4j-2.21.1.jar;C:\Users\loq\.m2\repository\org\apache\logging\log4j\log4j-api\2.21.1\log4j-api-2.21.1.jar;C:\Users\loq\.m2\repository\org\slf4j\jul-to-slf4j\2.0.13\jul-to-slf4j-2.0.13.jar;C:\Users\loq\.m2\repository\jakarta\annotation\jakarta.annotation-api\2.1.1\jakarta.annotation-api-2.1.1.jar;C:\Users\loq\.m2\repository\org\yaml\snakeyaml\2.2\snakeyaml-2.2.jar;C:\Users\loq\.m2\repository\org\springframework\boot\spring-boot-starter-json\3.2.5\spring-boot-starter-json-3.2.5.jar;C:\Users\loq\.m2\repository\com\fasterxml\jackson\datatype\jackson-datatype-jdk8\2.15.4\jackson-datatype-jdk8-2.15.4.jar;C:\Users\loq\.m2\repository\com\fasterxml\jackson\module\jackson-module-parameter-names\2.15.4\jackson-module-parameter-names-2.15.4.jar;C:\Users\loq\.m2\repository\org\springframework\boot\spring-boot-starter-tomcat\3.2.5\spring-boot-starter-tomcat-3.2.5.jar;C:\Users\loq\.m2\repository\org\apache\tomcat\embed\tomcat-embed-core\10.1.20\tomcat-embed-core-10.1.20.jar;C:\Users\loq\.m2\repository\org\apache\tomcat\embed\tomcat-embed-el\10.1.20\tomcat-embed-el-10.1.20.jar;C:\Users\loq\.m2\repository\org\apache\tomcat\embed\tomcat-embed-websocket\10.1.20\tomcat-embed-websocket-10.1.20.jar;C:\Users\loq\.m2\repository\org\springframework\spring-web\6.1.6\spring-web-6.1.6.jar;C:\Users\loq\.m2\repository\org\springframework\spring-beans\6.1.6\spring-beans-6.1.6.jar;C:\Users\loq\.m2\repository\org\springframework\spring-webmvc\6.1.6\spring-webmvc-6.1.6.jar;C:\Users\loq\.m2\repository\org\springframework\spring-aop\6.1.6\spring-aop-6.1.6.jar;C:\Users\loq\.m2\repository\org\springframework\spring-expression\6.1.6\spring-expression-6.1.6.jar;C:\Users\loq\.m2\repository\org\springframework\boot\spring-boot-starter-data-jpa\3.2.5\spring-boot-starter-data-jpa-3.2.5.jar;C:\Users\loq\.m2\repository\org\springframework\boot\spring-boot-starter-aop\3.2.5\spring-boot-starter-aop-3.2.5.jar;C:\Users\loq\.m2\repository\org\aspectj\aspectjweaver\1.9.22\aspectjweaver-1.9.22.jar;C:\Users\loq\.m2\repository\org\springframework\boot\spring-boot-starter-jdbc\3.2.5\spring-boot-starter-jdbc-3.2.5.jar;C:\Users\loq\.m2\repository\com\zaxxer\HikariCP\5.0.1\HikariCP-5.0.1.jar;C:\Users\loq\.m2\repository\org\springframework\spring-jdbc\6.1.6\spring-jdbc-6.1.6.jar;C:\Users\loq\.m2\repository\org\hibernate\orm\hibernate-core\6.4.4.Final\hibernate-core-6.4.4.Final.jar;C:\Users\loq\.m2\repository\jakarta\persistence\jakarta.persistence-api\3.1.0\jakarta.persistence-api-3.1.0.jar;C:\Users\loq\.m2\repository\jakarta\transaction\jakarta.transaction-api\2.0.1\jakarta.transaction-api-2.0.1.jar;C:\Users\loq\.m2\repository\org\jboss\logging\jboss-logging\3.5.3.Final\jboss-logging-3.5.3.Final.jar;C:\Users\loq\.m2\repository\org\hibernate\common\hibernate-commons-annotations\6.0.6.Final\hibernate-commons-annotations-6.0.6.Final.jar;C:\Users\loq\.m2\repository\io\smallrye\jandex\3.1.2\jandex-3.1.2.jar;C:\Users\loq\.m2\repository\com\fasterxml\classmate\1.6.0\classmate-1.6.0.jar;C:\Users\loq\.m2\repository\net\bytebuddy\byte-buddy\1.14.13\byte-buddy-1.14.13.jar;C:\Users\loq\.m2\repository\org\glassfish\jaxb\jaxb-runtime\4.0.5\jaxb-runtime-4.0.5.jar;C:\Users\loq\.m2\repository\org\glassfish\jaxb\jaxb-core\4.0.5\jaxb-core-4.0.5.jar;C:\Users\loq\.m2\repository\org\eclipse\angus\angus-activation\2.0.2\angus-activation-2.0.2.jar;C:\Users\loq\.m2\repository\org\glassfish\jaxb\txw2\4.0.5\txw2-4.0.5.jar;C:\Users\loq\.m2\repository\com\sun\istack\istack-commons-runtime\4.1.2\istack-commons-runtime-4.1.2.jar;C:\Users\loq\.m2\repository\jakarta\inject\jakarta.inject-api\2.0.1\jakarta.inject-api-2.0.1.jar;C:\Users\loq\.m2\repository\org\antlr\antlr4-runtime\4.13.0\antlr4-runtime-4.13.0.jar;C:\Users\loq\.m2\repository\org\springframework\data\spring-data-jpa\3.2.5\spring-data-jpa-3.2.5.jar;C:\Users\loq\.m2\repository\org\springframework\data\spring-data-commons\3.2.5\spring-data-commons-3.2.5.jar;C:\Users\loq\.m2\repository\org\springframework\spring-orm\6.1.6\spring-orm-6.1.6.jar;C:\Users\loq\.m2\repository\org\slf4j\slf4j-api\2.0.13\slf4j-api-2.0.13.jar;C:\Users\loq\.m2\repository\org\springframework\spring-aspects\6.1.6\spring-aspects-6.1.6.jar;C:\Users\loq\.m2\repository\com\h2database\h2\2.2.224\h2-2.2.224.jar;C:\Users\loq\.m2\repository\org\springframework\kafka\spring-kafka\3.1.4\spring-kafka-3.1.4.jar;C:\Users\loq\.m2\repository\org\springframework\spring-context\6.1.6\spring-context-6.1.6.jar;C:\Users\loq\.m2\repository\org\springframework\spring-messaging\6.1.6\spring-messaging-6.1.6.jar;C:\Users\loq\.m2\repository\org\springframework\spring-tx\6.1.6\spring-tx-6.1.6.jar;C:\Users\loq\.m2\repository\org\springframework\retry\spring-retry\2.0.5\spring-retry-2.0.5.jar;C:\Users\loq\.m2\repository\org\apache\kafka\kafka-clients\3.6.2\kafka-clients-3.6.2.jar;C:\Users\loq\.m2\repository\com\github\luben\zstd-jni\1.5.5-1\zstd-jni-1.5.5-1.jar;C:\Users\loq\.m2\repository\org\lz4\lz4-java\1.8.0\lz4-java-1.8.0.jar;C:\Users\loq\.m2\repository\org\xerial\snappy\snappy-java\1.1.10.5\snappy-java-1.1.10.5.jar;C:\Users\loq\.m2\repository\io\micrometer\micrometer-observation\1.12.5\micrometer-observation-1.12.5.jar;C:\Users\loq\.m2\repository\io\micrometer\micrometer-commons\1.12.5\micrometer-commons-1.12.5.jar;C:\Users\loq\.m2\repository\com\google\code\findbugs\jsr305\3.0.2\jsr305-3.0.2.jar;C:\Users\loq\.m2\repository\com\fasterxml\jackson\core\jackson-databind\2.15.4\jackson-databind-2.15.4.jar;C:\Users\loq\.m2\repository\com\fasterxml\jackson\core\jackson-core\2.15.4\jackson-core-2.15.4.jar;C:\Users\loq\.m2\repository\com\fasterxml\jackson\core\jackson-annotations\2.15.4\jackson-annotations-2.15.4.jar;C:\Users\loq\.m2\repository\com\fasterxml\jackson\datatype\jackson-datatype-jsr310\2.15.4\jackson-datatype-jsr310-2.15.4.jar;C:\Users\loq\.m2\repository\org\springframework\boot\spring-boot-starter-test\3.2.5\spring-boot-starter-test-3.2.5.jar;C:\Users\loq\.m2\repository\org\springframework\boot\spring-boot-test\3.2.5\spring-boot-test-3.2.5.jar;C:\Users\loq\.m2\repository\org\springframework\boot\spring-boot-test-autoconfigure\3.2.5\spring-boot-test-autoconfigure-3.2.5.jar;C:\Users\loq\.m2\repository\com\jayway\jsonpath\json-path\2.9.0\json-path-2.9.0.jar;C:\Users\loq\.m2\repository\jakarta\xml\bind\jakarta.xml.bind-api\4.0.2\jakarta.xml.bind-api-4.0.2.jar;C:\Users\loq\.m2\repository\jakarta\activation\jakarta.activation-api\2.1.3\jakarta.activation-api-2.1.3.jar;C:\Users\loq\.m2\repository\net\minidev\json-smart\2.5.1\json-smart-2.5.1.jar;C:\Users\loq\.m2\repository\net\minidev\accessors-smart\2.5.1\accessors-smart-2.5.1.jar;C:\Users\loq\.m2\repository\org\ow2\asm\asm\9.6\asm-9.6.jar;C:\Users\loq\.m2\repository\org\assertj\assertj-core\3.24.2\assertj-core-3.24.2.jar;C:\Users\loq\.m2\repository\org\awaitility\awaitility\4.2.1\awaitility-4.2.1.jar;C:\Users\loq\.m2\repository\org\hamcrest\hamcrest\2.2\hamcrest-2.2.jar;C:\Users\loq\.m2\repository\org\junit\jupiter\junit-jupiter\5.10.2\junit-jupiter-5.10.2.jar;C:\Users\loq\.m2\repository\org\junit\jupiter\junit-jupiter-params\5.10.2\junit-jupiter-params-5.10.2.jar;C:\Users\loq\.m2\repository\org\junit\jupiter\junit-jupiter-engine\5.10.2\junit-jupiter-engine-5.10.2.jar;C:\Users\loq\.m2\repository\org\mockito\mockito-core\5.7.0\mockito-core-5.7.0.jar;C:\Users\loq\.m2\repository\net\bytebuddy\byte-buddy-agent\1.14.13\byte-buddy-agent-1.14.13.jar;C:\Users\loq\.m2\repository\org\objenesis\objenesis\3.3\objenesis-3.3.jar;C:\Users\loq\.m2\repository\org\mockito\mockito-junit-jupiter\5.7.0\mockito-junit-jupiter-5.7.0.jar;C:\Users\loq\.m2\repository\org\skyscreamer\jsonassert\1.5.1\jsonassert-1.5.1.jar;C:\Users\loq\.m2\repository\com\vaadin\external\google\android-json\0.0.20131108.vaadin1\android-json-0.0.20131108.vaadin1.jar;C:\Users\loq\.m2\repository\org\springframework\spring-core\6.1.6\spring-core-6.1.6.jar;C:\Users\loq\.m2\repository\org\springframework\spring-jcl\6.1.6\spring-jcl-6.1.6.jar;C:\Users\loq\.m2\repository\org\springframework\spring-test\6.1.6\spring-test-6.1.6.jar;C:\Users\loq\.m2\repository\org\xmlunit\xmlunit-core\2.9.1\xmlunit-core-2.9.1.jar;C:\Users\loq\.m2\repository\org\springframework\kafka\spring-kafka-test\3.1.4\spring-kafka-test-3.1.4.jar;C:\Users\loq\.m2\repository\org\apache\zookeeper\zookeeper\3.8.4\zookeeper-3.8.4.jar;C:\Users\loq\.m2\repository\org\apache\zookeeper\zookeeper-jute\3.8.4\zookeeper-jute-3.8.4.jar;C:\Users\loq\.m2\repository\org\apache\yetus\audience-annotations\0.12.0\audience-annotations-0.12.0.jar;C:\Users\loq\.m2\repository\io\netty\netty-handler\4.1.109.Final\netty-handler-4.1.109.Final.jar;C:\Users\loq\.m2\repository\io\netty\netty-common\4.1.109.Final\netty-common-4.1.109.Final.jar;C:\Users\loq\.m2\repository\io\netty\netty-resolver\4.1.109.Final\netty-resolver-4.1.109.Final.jar;C:\Users\loq\.m2\repository\io\netty\netty-buffer\4.1.109.Final\netty-buffer-4.1.109.Final.jar;C:\Users\loq\.m2\repository\io\netty\netty-transport\4.1.109.Final\netty-transport-4.1.109.Final.jar;C:\Users\loq\.m2\repository\io\netty\netty-transport-native-unix-common\4.1.109.Final\netty-transport-native-unix-common-4.1.109.Final.jar;C:\Users\loq\.m2\repository\io\netty\netty-codec\4.1.109.Final\netty-codec-4.1.109.Final.jar;C:\Users\loq\.m2\repository\io\netty\netty-transport-native-epoll\4.1.109.Final\netty-transport-native-epoll-4.1.109.Final.jar;C:\Users\loq\.m2\repository\io\netty\netty-transport-classes-epoll\4.1.109.Final\netty-transport-classes-epoll-4.1.109.Final.jar;C:\Users\loq\.m2\repository\ch\qos\logback\logback-core\1.4.14\logback-core-1.4.14.jar;C:\Users\loq\.m2\repository\ch\qos\logback\logback-classic\1.4.14\logback-classic-1.4.14.jar;C:\Users\loq\.m2\repository\commons-io\commons-io\2.11.0\commons-io-2.11.0.jar;C:\Users\loq\.m2\repository\org\apache\kafka\kafka-clients\3.6.2\kafka-clients-3.6.2-test.jar;C:\Users\loq\.m2\repository\org\apache\kafka\kafka-metadata\3.6.2\kafka-metadata-3.6.2.jar;C:\Users\loq\.m2\repository\org\apache\kafka\kafka-raft\3.6.2\kafka-raft-3.6.2.jar;C:\Users\loq\.m2\repository\com\yammer\metrics\metrics-core\2.2.0\metrics-core-2.2.0.jar;C:\Users\loq\.m2\repository\org\apache\kafka\kafka-server-common\3.6.2\kafka-server-common-3.6.2.jar;C:\Users\loq\.m2\repository\net\sf\jopt-simple\jopt-simple\5.0.4\jopt-simple-5.0.4.jar;C:\Users\loq\.m2\repository\org\pcollections\pcollections\4.0.1\pcollections-4.0.1.jar;C:\Users\loq\.m2\repository\org\apache\kafka\kafka-server-common\3.6.2\kafka-server-common-3.6.2-test.jar;C:\Users\loq\.m2\repository\org\apache\kafka\kafka-streams-test-utils\3.6.2\kafka-streams-test-utils-3.6.2.jar;C:\Users\loq\.m2\repository\org\apache\kafka\kafka-streams\3.6.2\kafka-streams-3.6.2.jar;C:\Users\loq\.m2\repository\org\rocksdb\rocksdbjni\7.9.2\rocksdbjni-7.9.2.jar;C:\Users\loq\.m2\repository\org\apache\kafka\kafka_2.13\3.6.2\kafka_2.13-3.6.2.jar;C:\Users\loq\.m2\repository\org\scala-lang\scala-library\2.13.11\scala-library-2.13.11.jar;C:\Users\loq\.m2\repository\org\apache\kafka\kafka-group-coordinator\3.6.2\kafka-group-coordinator-3.6.2.jar;C:\Users\loq\.m2\repository\org\apache\kafka\kafka-storage-api\3.6.2\kafka-storage-api-3.6.2.jar;C:\Users\loq\.m2\repository\org\apache\kafka\kafka-tools-api\3.6.2\kafka-tools-api-3.6.2.jar;C:\Users\loq\.m2\repository\org\apache\kafka\kafka-storage\3.6.2\kafka-storage-3.6.2.jar;C:\Users\loq\.m2\repository\com\github\ben-manes\caffeine\caffeine\3.1.8\caffeine-3.1.8.jar;C:\Users\loq\.m2\repository\org\checkerframework\checker-qual\3.37.0\checker-qual-3.37.0.jar;C:\Users\loq\.m2\repository\com\google\errorprone\error_prone_annotations\2.21.1\error_prone_annotations-2.21.1.jar;C:\Users\loq\.m2\repository\net\sourceforge\argparse4j\argparse4j\0.7.0\argparse4j-0.7.0.jar;C:\Users\loq\.m2\repository\commons-validator\commons-validator\1.7\commons-validator-1.7.jar;C:\Users\loq\.m2\repository\commons-beanutils\commons-beanutils\1.9.4\commons-beanutils-1.9.4.jar;C:\Users\loq\.m2\repository\commons-digester\commons-digester\2.1\commons-digester-2.1.jar;C:\Users\loq\.m2\repository\commons-collections\commons-collections\3.2.2\commons-collections-3.2.2.jar;C:\Users\loq\.m2\repository\com\fasterxml\jackson\module\jackson-module-scala_2.13\2.15.4\jackson-module-scala_2.13-2.15.4.jar;C:\Users\loq\.m2\repository\com\thoughtworks\paranamer\paranamer\2.8\paranamer-2.8.jar;C:\Users\loq\.m2\repository\com\fasterxml\jackson\dataformat\jackson-dataformat-csv\2.15.4\jackson-dataformat-csv-2.15.4.jar;C:\Users\loq\.m2\repository\org\bitbucket\b_c\jose4j\0.9.4\jose4j-0.9.4.jar;C:\Users\loq\.m2\repository\org\scala-lang\modules\scala-collection-compat_2.13\2.10.0\scala-collection-compat_2.13-2.10.0.jar;C:\Users\loq\.m2\repository\org\scala-lang\modules\scala-java8-compat_2.13\1.0.2\scala-java8-compat_2.13-1.0.2.jar;C:\Users\loq\.m2\repository\org\scala-lang\scala-reflect\2.13.11\scala-reflect-2.13.11.jar;C:\Users\loq\.m2\repository\com\typesafe\scala-logging\scala-logging_2.13\3.9.4\scala-logging_2.13-3.9.4.jar;C:\Users\loq\.m2\repository\io\dropwizard\metrics\metrics-core\4.2.25\metrics-core-4.2.25.jar;C:\Users\loq\.m2\repository\commons-cli\commons-cli\1.4\commons-cli-1.4.jar;C:\Users\loq\.m2\repository\org\apache\kafka\kafka_2.13\3.6.2\kafka_2.13-3.6.2-test.jar;C:\Users\loq\.m2\repository\org\junit\jupiter\junit-jupiter-api\5.10.2\junit-jupiter-api-5.10.2.jar;C:\Users\loq\.m2\repository\org\opentest4j\opentest4j\1.3.0\opentest4j-1.3.0.jar;C:\Users\loq\.m2\repository\org\junit\platform\junit-platform-commons\1.10.2\junit-platform-commons-1.10.2.jar;C:\Users\loq\.m2\repository\org\apiguardian\apiguardian-api\1.1.2\apiguardian-api-1.1.2.jar;C:\Users\loq\.m2\repository\org\junit\platform\junit-platform-launcher\1.10.2\junit-platform-launcher-1.10.2.jar;C:\Users\loq\.m2\repository\org\junit\platform\junit-platform-engine\1.10.2\junit-platform-engine-1.10.2.jar;C:\Users\loq\.m2\repository\org\testcontainers\kafka\1.19.1\kafka-1.19.1.jar;C:\Users\loq\.m2\repository\org\testcontainers\testcontainers\1.19.7\testcontainers-1.19.7.jar;C:\Users\loq\.m2\repository\junit\junit\4.13.2\junit-4.13.2.jar;C:\Users\loq\.m2\repository\org\hamcrest\hamcrest-core\2.2\hamcrest-core-2.2.jar;C:\Users\loq\.m2\repository\org\apache\commons\commons-compress\1.24.0\commons-compress-1.24.0.jar;C:\Users\loq\.m2\repository\org\rnorth\duct-tape\duct-tape\1.0.8\duct-tape-1.0.8.jar;C:\Users\loq\.m2\repository\org\jetbrains\annotations\17.0.0\annotations-17.0.0.jar;C:\Users\loq\.m2\repository\com\github\docker-java\docker-java-api\3.3.6\docker-java-api-3.3.6.jar;C:\Users\loq\.m2\repository\com\github\docker-java\docker-java-transport-zerodep\3.3.6\docker-java-transport-zerodep-3.3.6.jar;C:\Users\loq\.m2\repository\com\github\docker-java\docker-java-transport\3.3.6\docker-java-transport-3.3.6.jar;C:\Users\loq\.m2\repository\net\java\dev\jna\jna\5.13.0\jna-5.13.0.jar;C:\Users\loq\.m2\repository\org\testcontainers\junit-jupiter\1.19.1\junit-jupiter-1.19.1.jar;"/>
    <property name="sun.cpu.endian" value="little"/>
    <property name="user.home" value="C:\Users\loq"/>
    <property name="user.language" value="en"/>
    <property name="java.specification.vendor" value="Oracle Corporation"/>
    <property name="java.version.date" value="2025-07-15"/>
    <property name="java.home" value="C:\Program Files\Microsoft\jdk-17.0.16.8-hotspot"/>
    <property name="file.separator" value="\"/>
    <property name="basedir" value="C:\Users\loq\Desktop\JP Morgan"/>
    <property name="java.vm.compressedOopsMode" value="Zero based"/>
    <property name="line.separator" value="&#10;"/>
    <property name="java.vm.specification.vendor" value="Oracle Corporation"/>
    <property name="java.specification.name" value="Java Platform API Specification"/>
    <property name="surefire.real.class.path" value="C:\Users\loq\AppData\Local\Temp\surefire12521623326785970910\surefirebooter-20251001113647901_3.jar"/>
    <property name="user.script" value=""/>
    <property name="sun.management.compiler" value="HotSpot 64-Bit Tiered Compilers"/>
    <property name="java.runtime.version" value="17.0.16+8-LTS"/>
    <property name="user.name" value="loq"/>
    <property name="path.separator" value=";"/>
    <property name="os.version" value="10.0"/>
    <property name="java.runtime.name" value="OpenJDK Runtime Environment"/>
    <property name="file.encoding" value="Cp1252"/>
    <property name="java.vm.name" value="OpenJDK 64-Bit Server VM"/>
    <property name="java.vendor.version" value="Microsoft-11926163"/>
    <property name="localRepository" value="C:\Users\loq\.m2\repository"/>
    <property name="java.vendor.url.bug" value="https://github.com/microsoft/openjdk/issues"/>
    <property name="java.io.tmpdir" value="C:\Users\loq\AppData\Local\Temp\"/>
    <property name="java.version" value="17.0.16"/>
    <property name="user.dir" value="C:\Users\loq\Desktop\JP Morgan"/>
    <property name="os.arch" value="amd64"/>
    <property name="java.vm.specification.name" value="Java Virtual Machine Specification"/>
    <property name="sun.os.patch.level" value=""/>
    <property name="native.encoding" value="Cp1252"/>
    <property name="java.library.path" value="C:\Program Files\Microsoft\jdk-17.0.16.8-hotspot\bin;C:\WINDOWS\Sun\Java\bin;C:\WINDOWS\system32;C:\WINDOWS;C:\Program Files\Microsoft\jdk-17.0.16.8-hotspot\bin;C:\WINDOWS\system32;C:\WINDOWS;C:\WINDOWS\System32\Wbem;C:\WINDOWS\System32\WindowsPowerShell\v1.0\;C:\WINDOWS\System32\OpenSSH\;C:\Program Files (x86)\NVIDIA Corporation\PhysX\Common;C:\Program Files\NVIDIA Corporation\NVIDIA NvDLISR;C:\MinGW\bin;C:\Program Files\Git\cmd;C:\Program Files\nodejs\;C:\Program Files\Microsoft\jdk-17.0.16.8-hotspot\bin;C:\Users\loq\AppData\Local\Programs\Python\Python313\Scripts\;C:\Users\loq\AppData\Local\Programs\Python\Python313\;C:\Users\loq\AppData\Local\Programs\Python\Launcher\;C:\Users\loq\AppData\Local\Microsoft\WindowsApps;C:\Users\loq\AppData\Local\Programs\Microsoft VS Code\bin;C:\ProgramData\loq\GitHubDesktop\bin;C:\Users\loq\AppData\Local\GitHubDesktop\bin;C:\Users\loq\AppData\Roaming\npm;c:\Users\loq\AppData\Roaming\Code\User\globalStorage\github.copilot-chat\debugCommand;."/>
    <property name="java.vm.info" value="mixed mode, sharing"/>
    <property name="java.vendor" value="Microsoft"/>
    <property name="java.vm.version" value="17.0.16+8-LTS"/>
    <property name="java.specification.maintenance.version" value="1"/>
    <property name="sun.io.unicode.encoding" value="UnicodeLittle"/>
    <property name="java.class.version" value="61.0"/>
  </properties>
  <testcase name="debugTransactionProcessingPipeline" classname="com.example.TaskTwoTests" time="0.096">
    <system-out><![CDATA[11:36:48.952 [main] INFO com.example.TaskTwoTests -- === TaskTwoTests Setup Complete ===
11:36:48.960 [main] INFO com.example.TaskTwoTests -- Starting transaction processing pipeline debug
11:36:48.967 [main] INFO com.example.TaskTwoTests -- Processing transaction 1: id=TXN-DEBUG-001, amount=100
11:36:48.969 [main] INFO com.example.TaskTwoTests -- Store size after adding transaction 1: 1
11:36:48.969 [main] INFO com.example.TaskTwoTests -- Processing transaction 2: id=TXN-DEBUG-002, amount=200
11:36:48.969 [main] INFO com.example.TaskTwoTests -- Store size after adding transaction 2: 2
11:36:48.969 [main] INFO com.example.TaskTwoTests -- Processing transaction 3: id=TXN-DEBUG-003, amount=300
11:36:48.969 [main] INFO com.example.TaskTwoTests -- Store size after adding transaction 3: 3
11:36:48.970 [main] INFO com.example.TaskTwoTests -- Processing transaction 4: id=TXN-DEBUG-004, amount=400
11:36:48.970 [main] INFO com.example.TaskTwoTests -- Store size after adding transaction 4: 4
11:36:48.970 [main] INFO com.example.TaskTwoTests -- Processing transaction 5: id=TXN-DEBUG-005, amount=500
11:36:48.970 [main] INFO com.example.TaskTwoTests -- Store size after adding transaction 5: 5
11:36:48.970 [main] INFO com.example.TaskTwoTests -- Processing transaction 6: id=TXN-DEBUG-006, amount=600
11:36:48.970 [main] INFO com.example.TaskTwoTests -- Store size after adding transaction 6: 6
11:36:48.970 [main] INFO com.example.TaskTwoTests -- === TRANSACTION STORE DEBUG STATE ===
11:36:48.970 [main] INFO com.example.TaskTwoTests -- Total transactions: 6
11:36:48.970 [main] INFO com.example.TaskTwoTests -- Is empty: false
11:36:48.970 [main] INFO com.example.TaskTwoTests -- Latest transaction: id=TXN-DEBUG-006, amount=600
11:36:49.006 [main] INFO com.example.TaskTwoTests -- All transaction IDs: [TXN-DEBUG-001, TXN-DEBUG-002, TXN-DEBUG-003, TXN-DEBUG-004, TXN-DEBUG-005, TXN-DEBUG-006]
11:36:49.008 [main] INFO com.example.TaskTwoTests -- All transaction amounts: [100, 200, 300, 400, 500, 600]
11:36:49.008 [main] INFO com.example.TaskTwoTests -- === END STORE DEBUG STATE ===
11:36:49.008 [main] INFO com.example.TaskTwoTests -- First four amounts: [100, 200, 300, 400]
]]></system-out>
  </testcase>
  <testcase name="debugTransactionAmountValidation" classname="com.example.TaskTwoTests" time="0.006">
    <system-out><![CDATA[11:36:49.035 [main] INFO com.example.TaskTwoTests -- === TaskTwoTests Setup Complete ===
11:36:49.035 [main] INFO com.example.TaskTwoTests -- Starting transaction amount validation debug
11:36:49.036 [main] INFO com.example.TaskTwoTests -- Testing amount: 0.01
11:36:49.038 [main] INFO com.example.TaskTwoTests -- Amount validation passed for: 0.01
11:36:49.039 [main] INFO com.example.TaskTwoTests -- Testing amount: 999999999.99
11:36:49.039 [main] INFO com.example.TaskTwoTests -- Amount validation passed for: 999999999.99
11:36:49.039 [main] INFO com.example.TaskTwoTests -- Testing amount: 123.456
11:36:49.039 [main] INFO com.example.TaskTwoTests -- Amount validation passed for: 123.456
11:36:49.039 [main] INFO com.example.TaskTwoTests -- Testing amount: 100
11:36:49.040 [main] INFO com.example.TaskTwoTests -- Amount validation passed for: 100
11:36:49.040 [main] INFO com.example.TaskTwoTests -- Final first four amounts after validation: [0.01, 999999999.99, 123.456, 100]
]]></system-out>
  </testcase>
  <testcase name="debugCaptureFirstFourTransactionAmounts" classname="com.example.TaskTwoTests" time="0.005">
    <system-out><![CDATA[11:36:49.042 [main] INFO com.example.TaskTwoTests -- === TaskTwoTests Setup Complete ===
11:36:49.043 [main] INFO com.example.TaskTwoTests -- Starting debug test for first four transaction amounts
11:36:49.044 [main] INFO com.example.TaskTwoTests -- Adding 5 test transactions to store
11:36:49.044 [main] INFO com.example.TaskTwoTests -- === CAPTURED FIRST FOUR TRANSACTION AMOUNTS ===
11:36:49.045 [main] INFO com.example.TaskTwoTests -- Transaction 1: Amount = 100.50
11:36:49.045 [main] INFO com.example.TaskTwoTests -- Transaction 2: Amount = 250.75
11:36:49.045 [main] INFO com.example.TaskTwoTests -- Transaction 3: Amount = 75.25
11:36:49.045 [main] INFO com.example.TaskTwoTests -- Transaction 4: Amount = 500.00
11:36:49.045 [main] INFO com.example.TaskTwoTests -- All assertions passed - first four amounts captured successfully
]]></system-out>
  </testcase>
  <testcase name="debugRealTimeAmountMonitoring" classname="com.example.TaskTwoTests" time="0.024">
    <system-out><![CDATA[11:36:49.063 [main] INFO com.example.TaskTwoTests -- === TaskTwoTests Setup Complete ===
11:36:49.064 [main] INFO com.example.TaskTwoTests -- Starting real-time amount monitoring debug
11:36:49.065 [main] INFO com.example.TaskTwoTests -- === Processing Transaction 1 ===
11:36:49.065 [main] INFO com.example.TaskTwoTests -- Transaction ID: TXN-DEBUG-001
11:36:49.066 [main] INFO com.example.TaskTwoTests -- Transaction Amount: 99.99
11:36:49.066 [main] INFO com.example.TaskTwoTests -- Transaction Currency: USD
11:36:49.066 [main] INFO com.example.TaskTwoTests -- Captured amount: 99.99
11:36:49.066 [main] INFO com.example.TaskTwoTests -- Total captured amounts so far: 1
11:36:49.066 [main] INFO com.example.TaskTwoTests -- === Processing Transaction 2 ===
11:36:49.066 [main] INFO com.example.TaskTwoTests -- Transaction ID: TXN-DEBUG-002
11:36:49.066 [main] INFO com.example.TaskTwoTests -- Transaction Amount: 1234.56
11:36:49.066 [main] INFO com.example.TaskTwoTests -- Transaction Currency: USD
11:36:49.066 [main] INFO com.example.TaskTwoTests -- Captured amount: 1234.56
11:36:49.066 [main] INFO com.example.TaskTwoTests -- Total captured amounts so far: 2
11:36:49.066 [main] INFO com.example.TaskTwoTests -- === Processing Transaction 3 ===
11:36:49.068 [main] INFO com.example.TaskTwoTests -- Transaction ID: TXN-DEBUG-003
11:36:49.068 [main] INFO com.example.TaskTwoTests -- Transaction Amount: 0.01
11:36:49.068 [main] INFO com.example.TaskTwoTests -- Transaction Currency: USD
11:36:49.068 [main] INFO com.example.TaskTwoTests -- Captured amount: 0.01
11:36:49.068 [main] INFO com.example.TaskTwoTests -- Total captured amounts so far: 3
11:36:49.068 [main] INFO com.example.TaskTwoTests -- === Processing Transaction 4 ===
11:36:49.068 [main] INFO com.example.TaskTwoTests -- Transaction ID: TXN-DEBUG-004
11:36:49.068 [main] INFO com.example.TaskTwoTests -- Transaction Amount: 999999.99
11:36:49.068 [main] INFO com.example.TaskTwoTests -- Transaction Currency: USD
11:36:49.068 [main] INFO com.example.TaskTwoTests -- Captured amount: 999999.99
11:36:49.068 [main] INFO com.example.TaskTwoTests -- Total captured amounts so far: 4
11:36:49.069 [main] INFO com.example.TaskTwoTests -- Current first four amounts: [99.99, 1234.56, 0.01, 999999.99]
11:36:49.069 [main] INFO com.example.TaskTwoTests -- === Processing Transaction 5 ===
11:36:49.070 [main] INFO com.example.TaskTwoTests -- Transaction ID: TXN-DEBUG-005
11:36:49.070 [main] INFO com.example.TaskTwoTests -- Transaction Amount: 42.42
11:36:49.070 [main] INFO com.example.TaskTwoTests -- Transaction Currency: USD
11:36:49.070 [main] INFO com.example.TaskTwoTests -- Captured amount: 42.42
11:36:49.070 [main] INFO com.example.TaskTwoTests -- Total captured amounts so far: 5
11:36:49.070 [main] INFO com.example.TaskTwoTests -- Current first four amounts: [99.99, 1234.56, 0.01, 999999.99]
11:36:49.070 [main] INFO com.example.TaskTwoTests -- === FINAL FIRST FOUR AMOUNTS ===
11:36:49.071 [main] INFO com.example.TaskTwoTests -- Amount: 99.99
11:36:49.071 [main] INFO com.example.TaskTwoTests -- Amount: 1234.56
11:36:49.071 [main] INFO com.example.TaskTwoTests -- Amount: 0.01
11:36:49.071 [main] INFO com.example.TaskTwoTests -- Amount: 999999.99
]]></system-out>
  </testcase>
</testsuite>